<?xml version="1.0" encoding="UTF-8"?>
<!-- Generated by org.testng.reporters.JUnitReportReporter -->
<testsuite hostname="DESKTOP-7QJBVRE" failures="0" tests="1" name="pos.scripts.DemoTest" time="10.911" errors="0" timestamp="2023-06-26T12:48:26 IST" skipped="0">
  <testcase classname="pos.scripts.DemoTest" name="testA" time="10.911"/>
  <system-out>
    <![CDATA[testA]]>
  </system-out>
</testsuite> <!-- pos.scripts.DemoTest -->
